// Error code definitions for module "spaacis/src"

#ifndef SPAACIS_BLENDING_ERRMOD_INCLUDED
#define SPAACIS_BLENDING_ERRMOD_INCLUDED

#include "errorbase.hxx"
#include "errmsg.hxx"

#include "importexport.h"
#ifdef __SpaACIS
extern EXPORT_SYMBOL message_module spaacis_blending_errmod;

#else
extern IMPORT_SYMBOL message_module spaacis_blending_errmod;

#endif
#define BL_BAD_INTERCEPT spaacis_blending_errmod.message_code(0)
#define BL_BAD_REVERSE spaacis_blending_errmod.message_code(1)
#define BL_BAD_SPINE spaacis_blending_errmod.message_code(2)
#define BL_BAD_VBL_BNDRY spaacis_blending_errmod.message_code(3)
#define BL_BAD_ZERO_BL_ED spaacis_blending_errmod.message_code(4)
#define BL_BLEND_TOO_BIG spaacis_blending_errmod.message_code(5)
#define BL_ILLEGAL_SPINE_FOR_EF spaacis_blending_errmod.message_code(6)
#define BL_TOL_INTER_ED_UNHANDLED spaacis_blending_errmod.message_code(7)
#define BL_NARROW_SUPPORT spaacis_blending_errmod.message_code(8)
#define BL_CAP_COMPLEX spaacis_blending_errmod.message_code(9)
#define BL_SIDECAP_COMPLEX spaacis_blending_errmod.message_code(10)
#define BL_ENDCAP_COMPLEX spaacis_blending_errmod.message_code(11)
#define BL_PERIODIC_ENDCAP_COMPLEX spaacis_blending_errmod.message_code(12)
#define BL_ROLLON_SIDECAP_COMPLEX spaacis_blending_errmod.message_code(13)
#define BL_ROLLON_ENDCAP_COMPLEX spaacis_blending_errmod.message_code(14)
#define BL_ROLLOVER_SIDECAP_COMPLEX spaacis_blending_errmod.message_code(15)
#define BL_ROLLOVER_ENDCAP_COMPLEX spaacis_blending_errmod.message_code(16)
#define BL_CAP_INIT_FAILURE spaacis_blending_errmod.message_code(17)
#define BL_CANNOT_REORDER spaacis_blending_errmod.message_code(18)
#define BL_REORDER_INCORRECT_REMOTE_SUPPORT spaacis_blending_errmod.message_code(19)
#define BL_CANNOT_REORDER_OPEN_END spaacis_blending_errmod.message_code(20)
#define BL_CANNOT_REORDER_CLOSED_END spaacis_blending_errmod.message_code(21)
#define BL_CHAMF_ERR spaacis_blending_errmod.message_code(22)
#define BL_CHAMFER_NOT_IMPL spaacis_blending_errmod.message_code(23)
#define BL_CHAMFER_TOO_BIG spaacis_blending_errmod.message_code(24)
#define BL_CHAMF_SPRING_ERR spaacis_blending_errmod.message_code(25)
#define BL_CHAMF_EDGE_ERR spaacis_blending_errmod.message_code(26)
#define BL_CHAMF_VRTX_IN_PLANE spaacis_blending_errmod.message_code(27)
#define BL_CHAMF_CUT_VOID spaacis_blending_errmod.message_code(28)
#define BL_CHAMF_CUT_BODY spaacis_blending_errmod.message_code(29)
#define BL_CHAMF_3PTS_ALIGNED spaacis_blending_errmod.message_code(30)
#define BL_CHAMF_BAD_GRAPH spaacis_blending_errmod.message_code(31)
#define BL_CHAMF_NO_GOOD_EDGES spaacis_blending_errmod.message_code(32)
#define BL_CHAMF_ZERO_OFFSET spaacis_blending_errmod.message_code(33)
#define BL_NO_FACES_OR_BODY spaacis_blending_errmod.message_code(34)
#define BL_CI_NOT_FINITE spaacis_blending_errmod.message_code(35)
#define BL_CURVES_DIFFER spaacis_blending_errmod.message_code(36)
#define BL_CUSP_GEOM_TOO_CMPLX spaacis_blending_errmod.message_code(37)
#define BL_EMPTY_INT_GRAPH spaacis_blending_errmod.message_code(38)
#define BL_EMPTY_SEQUENCE spaacis_blending_errmod.message_code(39)
#define BL_EMPTY_SHEET spaacis_blending_errmod.message_code(40)
#define BL_END_TOO_CMPLX spaacis_blending_errmod.message_code(41)
#define BL_FACES_NOT_SET spaacis_blending_errmod.message_code(42)
#define BL_FOUR_ED_MXD spaacis_blending_errmod.message_code(43)
#define BL_SMOOTH_LATERAL spaacis_blending_errmod.message_code(44)
#define BL_GEOM_TOO_CMPLX spaacis_blending_errmod.message_code(45)
#define BL_INCONS_SHEET spaacis_blending_errmod.message_code(46)
#define BL_INT_OFF_CURVE spaacis_blending_errmod.message_code(47)
#define BL_MITRE_AWRY spaacis_blending_errmod.message_code(48)
#define BL_MITRE_TOO_CMPLX spaacis_blending_errmod.message_code(49)
#define BL_NON_STANDARD_MITRE_AWRY spaacis_blending_errmod.message_code(50)
#define BL_MITRE_NON_ADJ_INTERCEPTS spaacis_blending_errmod.message_code(51)
#define BL_MITRE_INTERFERES_SIDECAP spaacis_blending_errmod.message_code(52)
#define BL_MITRE_SHARED_SIDE_CMPLX spaacis_blending_errmod.message_code(53)
#define BL_MITRE_NONSHARED_SIDE_CMPLX spaacis_blending_errmod.message_code(54)
#define BL_MITRE_MULTI_FACE spaacis_blending_errmod.message_code(55)
#define BL_MITRE_XCRV_FAILURE spaacis_blending_errmod.message_code(56)
#define BL_MITRE_IMPRINT_FAILURE spaacis_blending_errmod.message_code(57)
#define BL_MITRE_REMOVES_SPRING spaacis_blending_errmod.message_code(58)
#define BL_NO_CAP spaacis_blending_errmod.message_code(59)
#define BL_NO_CAP_EXTN spaacis_blending_errmod.message_code(60)
#define BL_NO_CLEAN_INT spaacis_blending_errmod.message_code(61)
#define BL_NO_CUTS_MIXED spaacis_blending_errmod.message_code(62)
#define BL_NO_FACE_AT_VERT spaacis_blending_errmod.message_code(63)
#define BL_NO_INIT spaacis_blending_errmod.message_code(64)
#define BL_NO_MATE spaacis_blending_errmod.message_code(65)
#define BL_NO_MITRE_MIXED spaacis_blending_errmod.message_code(66)
#define BL_NO_PIPES spaacis_blending_errmod.message_code(67)
#define BL_NO_PROJ_CUR spaacis_blending_errmod.message_code(68)
#define BL_NO_SHEET_SURF spaacis_blending_errmod.message_code(69)
#define BL_NO_SPR_CUR_INT spaacis_blending_errmod.message_code(70)
#define BL_NO_VTX_GEOM spaacis_blending_errmod.message_code(71)
#define BL_NO_X_CURVE spaacis_blending_errmod.message_code(72)
#define BL_NON_EDVERT spaacis_blending_errmod.message_code(73)
#define BL_NON_MAN_EDVERT spaacis_blending_errmod.message_code(74)
#define BL_NON_U_CVXTY spaacis_blending_errmod.message_code(75)
#define BL_SMOOTH_EDGE spaacis_blending_errmod.message_code(76)
#define BL_ALL_SMOOTH_EDGES spaacis_blending_errmod.message_code(77)
#define BL_NOT_IMPLEM spaacis_blending_errmod.message_code(78)
#define BL_NOT_SINGLE_SOLID spaacis_blending_errmod.message_code(79)
#define BL_OBLIQUECRVS_NOT_SAVED spaacis_blending_errmod.message_code(80)
#define BL_ON_PROP_EDGE spaacis_blending_errmod.message_code(81)
#define BL_ON_SH_BNDRY spaacis_blending_errmod.message_code(82)
#define BL_OWNER_NOT_EDGE spaacis_blending_errmod.message_code(83)
#define BL_POINT_CUR spaacis_blending_errmod.message_code(84)
#define BL_POINT_CUR_SURF spaacis_blending_errmod.message_code(85)
#define BL_SETBACK_MISSING spaacis_blending_errmod.message_code(86)
#define BL_SETBACK_TOO_LARGE spaacis_blending_errmod.message_code(87)
#define BL_STOP_CMPLX spaacis_blending_errmod.message_code(88)
#define BL_STOPS_NOT_SAVED spaacis_blending_errmod.message_code(89)
#define BL_TOO_MANY_SM_EDS spaacis_blending_errmod.message_code(90)
#define BL_UNBL_VERTEX spaacis_blending_errmod.message_code(91)
#define BL_UNFIN_SHEET spaacis_blending_errmod.message_code(92)
#define BL_UNKNOWN_BLEND spaacis_blending_errmod.message_code(93)
#define BL_UNKNOWN_CVXTY spaacis_blending_errmod.message_code(94)
#define BL_VTX_EDGE_UNBL spaacis_blending_errmod.message_code(95)
#define BL_VTX_NOT_IN_LIST spaacis_blending_errmod.message_code(96)
#define BL_ATTRIB_BAD_PROC spaacis_blending_errmod.message_code(97)
#define BL_INTERNAL_ERR spaacis_blending_errmod.message_code(98)
#define BL_TRANS_COMPLEX_EDGE spaacis_blending_errmod.message_code(99)
#define BL_TRANS_COMPLEX_FACE spaacis_blending_errmod.message_code(100)
#define BL_TRANS_COMPLEX_VERT spaacis_blending_errmod.message_code(101)
#define BL_CHG_PT_COMPLEX_EDGE spaacis_blending_errmod.message_code(102)
#define BL_CHG_PT_COMPLEX_FACE spaacis_blending_errmod.message_code(103)
#define BL_CHG_PT_COMPLEX_VERT spaacis_blending_errmod.message_code(104)
#define BL_BLEND_FACES_INTSECT spaacis_blending_errmod.message_code(105)
#define BL_BLEND_NPER_RAD_FCN spaacis_blending_errmod.message_code(106)
#define BL_ASSERTION_VIOLATED spaacis_blending_errmod.message_code(107)
#define BL_BAD_LOOP spaacis_blending_errmod.message_code(108)
#define BL_FLD_INT_BLD_BIG spaacis_blending_errmod.message_code(109)
#define BL_DO_M_SH_ED_CP_SG_ERR spaacis_blending_errmod.message_code(110)
#define BL_INCOMP_RADII_AT_MERGE_VERTEX spaacis_blending_errmod.message_code(111)
#define BL_NULL_BL_EDGE_OR_HOLDLINE spaacis_blending_errmod.message_code(112)
#define BL_UNABLE_TO_CREATE_VRAD spaacis_blending_errmod.message_code(113)
#define BL_UNABLE_TO_CREATE_CALIBRATION_CURVE spaacis_blending_errmod.message_code(114)
#define BL_NON_EDGE_OR_CURVE_HOLDLINE spaacis_blending_errmod.message_code(115)
#define BL_NO_SEQUENCES_TO_BLEND spaacis_blending_errmod.message_code(116)
#define BL_INCONS_HOLDLINE spaacis_blending_errmod.message_code(117)
#define BL_NO_VALID_HOLDLINE spaacis_blending_errmod.message_code(118)
#define BL_MULT_HOLDLINE_CURVES spaacis_blending_errmod.message_code(119)
#define BL_WRONG_INPUT spaacis_blending_errmod.message_code(120)
#define BL_NOT_SAME_OWNER spaacis_blending_errmod.message_code(121)
#define BL_WRONG_COEDGE_ORIENTATION spaacis_blending_errmod.message_code(122)
#define BL_RETRY_BL_EDGES spaacis_blending_errmod.message_code(123)
#define BL_RETRY_BL_ENT_ENT_SUCCESS spaacis_blending_errmod.message_code(124)
#define BL_RETRY_DOMITRE_CCI spaacis_blending_errmod.message_code(125)
#define BL_RETRY_DOMITRE_OLD_CURSSP spaacis_blending_errmod.message_code(126)
#define BL_RETRY_VAR_RAD_1 spaacis_blending_errmod.message_code(127)
#define BL_RETRY_VAR_RAD spaacis_blending_errmod.message_code(128)
#define BL_RETRY_FIX_BL_INT1 spaacis_blending_errmod.message_code(129)
#define BL_RETRY_FIX_BL_INT2 spaacis_blending_errmod.message_code(130)
#define BL_RETRY_FIX_BL_INT3 spaacis_blending_errmod.message_code(131)
#define BL_RETRY_FIX_BL_INT4 spaacis_blending_errmod.message_code(132)
#define BL_RETRY_ENTENT_STAGE4 spaacis_blending_errmod.message_code(133)
#define BL_HOLDLINE_NULL_GEOM spaacis_blending_errmod.message_code(134)
#define BL_BLENDED_EDGE_NULL_GEOM spaacis_blending_errmod.message_code(135)
#define BL_INVALID_FF_CONTAINMENTS spaacis_blending_errmod.message_code(136)
#define BL_ENGULFED_SHEET_EDGE spaacis_blending_errmod.message_code(137)
#define BL_DSCRD_REG_INCORRECT_SUBDIV spaacis_blending_errmod.message_code(138)
#define BL_FEATURE_NOT_RETAINED spaacis_blending_errmod.message_code(139)
#define BL_EXT_FACE_REPAIRED spaacis_blending_errmod.message_code(140)
#define BL_SUPPORT_SEARCH_NOT_SUPPORTED spaacis_blending_errmod.message_code(141)
#define BL_TOL_TOO_BIG spaacis_blending_errmod.message_code(142)
#define BL_VERTEX_SPANS_FFBLEND spaacis_blending_errmod.message_code(143)
#define BL_CROSS_CURVE_TOO_BIG spaacis_blending_errmod.message_code(144)
#define BL_SUPP_FACE_NULL spaacis_blending_errmod.message_code(145)
#define BL_SIMPLE_INT_FAILURE spaacis_blending_errmod.message_code(146)
#define BL_FOR_TOO_TIGHT_CURVATURE spaacis_blending_errmod.message_code(147)
#define BL_LARGE_TOPO_DELETION spaacis_blending_errmod.message_code(148)
#define BL_CLOSED_SPRING_CLOSED_EDGE_MISMATCH spaacis_blending_errmod.message_code(149)
#define BL_BLEND_GEOM_NULL spaacis_blending_errmod.message_code(150)
#define BL_COINCIDENT_SEGENDS spaacis_blending_errmod.message_code(151)
#define BL_FIXED_WIDTH_ENT_ENT_NOT_IMPL spaacis_blending_errmod.message_code(152)
#define BL_SURF_CURVATURE_CHECKS_KO spaacis_blending_errmod.message_code(153)
#define BL_QUICK_TEST_CURVE_CHECKS_KO spaacis_blending_errmod.message_code(154)
#define BL_BLEND_SURF_FITTOL_EXCEEDS_OFFSET spaacis_blending_errmod.message_code(155)
#define BL_OFF_SF_SF_POS_OLD_PTR_NULL spaacis_blending_errmod.message_code(156)
#define BL_ATT_VAR_BL_LAST_SLICE_NULL spaacis_blending_errmod.message_code(157)
#define BL_ATT_VAR_BL_FIRST_SLICE_NULL spaacis_blending_errmod.message_code(158)
#define BL_BLEND_SURF_SLICE_TOO_BIG spaacis_blending_errmod.message_code(159)
#define BL_IMPROPER_FF_INTS spaacis_blending_errmod.message_code(160)
#define BL_ATT_BL_SEG_MISSING spaacis_blending_errmod.message_code(161)
#define BL_NO_SPINE spaacis_blending_errmod.message_code(162)
#define BL_STR_MATE_CDG_WITH_NULL_GEOM spaacis_blending_errmod.message_code(163)
#define BL_ATT_VARBLEND_DEFERRED_MANY_TIMES spaacis_blending_errmod.message_code(164)
#define BL_EDGE_GEOM_NOT_DEGEN_SPHERE_ATT_DEFERRED_MANY_TIMES spaacis_blending_errmod.message_code(165)
#define BL_GEOM_NON_NULL_BUT_FFSEG_NULL spaacis_blending_errmod.message_code(166)
#define BL_GAP_NOT_FILLED spaacis_blending_errmod.message_code(167)
#define BL_FFSEGMENT_NULL spaacis_blending_errmod.message_code(168)
#define BL_NEW_STR_POS_MISMATCH spaacis_blending_errmod.message_code(169)
#define BL_NOT_ENGH_GEOM spaacis_blending_errmod.message_code(170)
#define BL_CRS_SHT_COEDGE_WITH_NULL_ADJ_EDGES_GEOM spaacis_blending_errmod.message_code(171)
#define BL_ATT_VBLEND_DEFERRED_MANY_TIMES spaacis_blending_errmod.message_code(172)
#define BL_CROSS_EDGE_WITH_NO_BL_FACE spaacis_blending_errmod.message_code(173)
#define BL_NO_SPRING_GEOM spaacis_blending_errmod.message_code(174)
#define BL_CAP_INCORRECT_TOPOLOGY spaacis_blending_errmod.message_code(175)
#define BL_CAP_PERIODIC_FACE_UNBOUNDED spaacis_blending_errmod.message_code(176)
#define BL_CAP_COEDGE_INCORRECT_PARTNER spaacis_blending_errmod.message_code(177)
#define BL_G2_CURVATURE_DISCONT spaacis_blending_errmod.message_code(178)
#define BL_CAP_COINCIDENT_FACE_END spaacis_blending_errmod.message_code(179)
#define BL_SEGEND_NOT_ON_REMOTE_FACE spaacis_blending_errmod.message_code(180)
#define BL_CCFED_NARROW_SUPPORT spaacis_blending_errmod.message_code(181)
#define ATT_EXP_REGION_NOTIFICATION_UNHANDLED spaacis_blending_errmod.message_code(182)
#define BL_EXP_UNDEFINED_CONVEXITY spaacis_blending_errmod.message_code(183)
#define BL_IMPLICIT_IMPRINT_NOT_IMPLEMETED spaacis_blending_errmod.message_code(184)
#define BL_IMPLICIT_IMPRINT_NOT_SUPPORTED spaacis_blending_errmod.message_code(185)
#define BL_RECOG_BAD_INPUT spaacis_blending_errmod.message_code(186)
#define ATT_BL_ENT_BAD_SUPPORT spaacis_blending_errmod.message_code(187)

#endif /* SPAACIS_BLENDING_ERRMOD_INCLUDED */
