// Error code definitions for module "spaacis/src"

#ifndef SPAACIS_INSANITY_ERRMOD_INCLUDED
#define SPAACIS_INSANITY_ERRMOD_INCLUDED

#include "errorbase.hxx"
#include "errmsg.hxx"

#include "importexport.h"
#ifdef __SpaACIS
extern EXPORT_SYMBOL message_module spaacis_insanity_errmod;

#else
extern IMPORT_SYMBOL message_module spaacis_insanity_errmod;

#endif
#define NO_CONDITION spaacis_insanity_errmod.message_code(0)
#define ACIS_ERROR spaacis_insanity_errmod.message_code(1)
#define APPROX_TEST_FAIL spaacis_insanity_errmod.message_code(2)
#define BAD_CLOSURE spaacis_insanity_errmod.message_code(3)
#define BAD_CRV_CLS spaacis_insanity_errmod.message_code(4)
#define BAD_CTL_PNT_COIN spaacis_insanity_errmod.message_code(5)
#define BAD_FACE_LOOP spaacis_insanity_errmod.message_code(6)
#define BAD_SINGULAR spaacis_insanity_errmod.message_code(7)
#define BAD_TCOED_DOMAIN spaacis_insanity_errmod.message_code(8)
#define BAD_VTX_EDGE_PTR spaacis_insanity_errmod.message_code(9)
#define BODY_FAIL_CONT_CHK spaacis_insanity_errmod.message_code(10)
#define BODY_WARN_CONT_CHK spaacis_insanity_errmod.message_code(11)
#define BODY_TOO_LARGE spaacis_insanity_errmod.message_code(12)
#define BODY_WITHOUT_LUMP spaacis_insanity_errmod.message_code(13)
#define BS3C_CLOSED_MRKD_OPEN spaacis_insanity_errmod.message_code(14)
#define BS3C_CLOSED_MRKD_PEROID spaacis_insanity_errmod.message_code(15)
#define BS3C_OPEN_NOT_MRKD_OPEN spaacis_insanity_errmod.message_code(16)
#define BS3C_PEROID_MRKD_CLOSED spaacis_insanity_errmod.message_code(17)
#define BS3S_U_NOT_CLOSED spaacis_insanity_errmod.message_code(18)
#define BS3S_U_NOT_OPEN spaacis_insanity_errmod.message_code(19)
#define BS3S_U_NOT_PERIODIC spaacis_insanity_errmod.message_code(20)
#define BS3S_V_NOT_CLOSED spaacis_insanity_errmod.message_code(21)
#define BS3S_V_NOT_OPEN spaacis_insanity_errmod.message_code(22)
#define BS3S_V_NOT_PERIODIC spaacis_insanity_errmod.message_code(23)
#define CHECKER_EXCEPTION spaacis_insanity_errmod.message_code(24)
#define CHECKER_INTERNAL_EXCEPTION spaacis_insanity_errmod.message_code(25)
#define COED_EDGE_BAD_PTR spaacis_insanity_errmod.message_code(26)
#define COED_END_OUTSIDE_TOL_VTX spaacis_insanity_errmod.message_code(27)
#define COED_END_VTX_ON_POLE spaacis_insanity_errmod.message_code(28)
#define COED_HAS_TEDGE spaacis_insanity_errmod.message_code(29)
#define COED_NEXT_NOT_WELL_CONN spaacis_insanity_errmod.message_code(30)
#define COED_NO_EDGE spaacis_insanity_errmod.message_code(31)
#define COED_NO_OWNER spaacis_insanity_errmod.message_code(32)
#define COED_NO_PCUR spaacis_insanity_errmod.message_code(33)
#define COED_NO_PTR_TO_LOOP spaacis_insanity_errmod.message_code(34)
#define COED_NOT_POINT_TO_WIRE spaacis_insanity_errmod.message_code(35)
#define COED_OUT_OF_ORDER spaacis_insanity_errmod.message_code(36)
#define COED_OUT_OF_ORDER_TRACKING spaacis_insanity_errmod.message_code(37)
#define COED_POS_OFF_FACE spaacis_insanity_errmod.message_code(38)
#define COED_PREV_NOT_WELL_CONN spaacis_insanity_errmod.message_code(39)
#define COED_RANGE_NOT_CONT spaacis_insanity_errmod.message_code(40)
#define COED_START_OUTSIDE_TOL_VTX spaacis_insanity_errmod.message_code(41)
#define COED_START_VTX_ON_POLE spaacis_insanity_errmod.message_code(42)
#define CONE_ANGLE_INCONS spaacis_insanity_errmod.message_code(43)
#define CONE_ELL_NORM_NOT_UNITVEC spaacis_insanity_errmod.message_code(44)
#define CONE_ELL_NOT_PERP_TO_AXIS spaacis_insanity_errmod.message_code(45)
#define CONE_ELL_RATIO_GT_1 spaacis_insanity_errmod.message_code(46)
#define CONE_ELL_ZERO_MAJ_AXIS spaacis_insanity_errmod.message_code(47)
#define CONE_ELL_ZERO_RATIO spaacis_insanity_errmod.message_code(48)
#define CONVEX_POINT spaacis_insanity_errmod.message_code(49)
#define CRV_BAD_DEGEN spaacis_insanity_errmod.message_code(50)
#define CRV_BAD_SINGULAR spaacis_insanity_errmod.message_code(51)
#define CRV_NOT_C1 spaacis_insanity_errmod.message_code(52)
#define CRV_NOT_G0 spaacis_insanity_errmod.message_code(53)
#define CRV_NOT_G1 spaacis_insanity_errmod.message_code(54)
#define CRV_NOT_G2 spaacis_insanity_errmod.message_code(55)
#define CRV_NOT_ON_SURF spaacis_insanity_errmod.message_code(56)
#define CRV_SELF_INT spaacis_insanity_errmod.message_code(57)
#define DIFF_LOC spaacis_insanity_errmod.message_code(58)
#define DIFF_PCUR_KNOT_TAN spaacis_insanity_errmod.message_code(59)
#define DUP_VTX spaacis_insanity_errmod.message_code(60)
#define DUP_EDGE spaacis_insanity_errmod.message_code(61)
#define EDGE_BOX_TOO_SMALL spaacis_insanity_errmod.message_code(62)
#define EDGE_CLOSED_CUR_OPEN spaacis_insanity_errmod.message_code(63)
#define EDGE_DEGEN_GEOM_NONDEGEN spaacis_insanity_errmod.message_code(64)
#define EDGE_TOL_LEAK spaacis_insanity_errmod.message_code(65)
#define EDGE_NO_BACKPTR spaacis_insanity_errmod.message_code(66)
#define EDGE_NO_CRV1 spaacis_insanity_errmod.message_code(67)
#define EDGE_NO_EVTX spaacis_insanity_errmod.message_code(68)
#define EDGE_NO_SVTX spaacis_insanity_errmod.message_code(69)
#define EDGE_PCUR_OUT_OF_RANGE spaacis_insanity_errmod.message_code(70)
#define ELL_NORM_NOT_UNITVEC spaacis_insanity_errmod.message_code(71)
#define ELL_NOT_PERP spaacis_insanity_errmod.message_code(72)
#define ELL_RATIO_GT_1 spaacis_insanity_errmod.message_code(73)
#define ELL_ZERO_MAJ_AXIS spaacis_insanity_errmod.message_code(74)
#define ELL_ZERO_MIN_AXIS spaacis_insanity_errmod.message_code(75)
#define ELL_ZERO_RATIO spaacis_insanity_errmod.message_code(76)
#define END_INCONS_TOL_GEOM spaacis_insanity_errmod.message_code(77)
#define END_VTX_NOT_ON_SURF spaacis_insanity_errmod.message_code(78)
#define END_VTX_NOT_ON_CRV spaacis_insanity_errmod.message_code(79)
#define EPAR_ERR spaacis_insanity_errmod.message_code(80)
#define EVTX_NOT_ON_CRV spaacis_insanity_errmod.message_code(81)
#define EXTRA_DEGEN_EDGE_VERT spaacis_insanity_errmod.message_code(82)
#define EXTREME_PAR spaacis_insanity_errmod.message_code(83)
#define FACE_BAD_LOOP_ORIENT spaacis_insanity_errmod.message_code(84)
#define FACE_BOX_TOO_SMALL spaacis_insanity_errmod.message_code(85)
#define FACE_HAS_EDGE_INT spaacis_insanity_errmod.message_code(86)
#define FACE_NEGA_AREA spaacis_insanity_errmod.message_code(87)
#define FACE_NO_BACKPTR spaacis_insanity_errmod.message_code(88)
#define FACE_NO_SURF1 spaacis_insanity_errmod.message_code(89)
#define FACE_NO_SURF2 spaacis_insanity_errmod.message_code(90)
#define FACE_NOT_POINT_TO_SHL spaacis_insanity_errmod.message_code(91)
#define FACE_WITHOUT_LOOP spaacis_insanity_errmod.message_code(92)
#define FACE_ZERO_AREA spaacis_insanity_errmod.message_code(93)
#define GEOM_ENT_CROSS_BODY_SHARE spaacis_insanity_errmod.message_code(94)
#define INCONS_DIR spaacis_insanity_errmod.message_code(95)
#define INCONS_PERIOD spaacis_insanity_errmod.message_code(96)
#define INT_INT_CUR_CONSTRUCT spaacis_insanity_errmod.message_code(97)
#define IRREG_CRV spaacis_insanity_errmod.message_code(98)
#define IRREG_SURF spaacis_insanity_errmod.message_code(99)
#define ISO_VTX_EMBEDDED spaacis_insanity_errmod.message_code(100)
#define LAW_APPROX_ERR spaacis_insanity_errmod.message_code(101)
#define LOOP_NO_COED spaacis_insanity_errmod.message_code(102)
#define LOOP_NO_FACE spaacis_insanity_errmod.message_code(103)
#define LUMP_NOT_POINT_TO_BODY spaacis_insanity_errmod.message_code(104)
#define LUMP_WITHOUT_BODY spaacis_insanity_errmod.message_code(105)
#define LUMP_WITHOUT_SHL spaacis_insanity_errmod.message_code(106)
#define MULT_EDGE spaacis_insanity_errmod.message_code(107)
#define NEXT_NOT_TO_START spaacis_insanity_errmod.message_code(108)
#define NO_BS3CRV spaacis_insanity_errmod.message_code(109)
#define NO_BS3SURF spaacis_insanity_errmod.message_code(110)
#define NO_PARTNER spaacis_insanity_errmod.message_code(111)
#define NULL_EDGE_AT_APEX spaacis_insanity_errmod.message_code(112)
#define NULL_EDGE_CURVE spaacis_insanity_errmod.message_code(113)
#define OPEN_IN_NEXT spaacis_insanity_errmod.message_code(114)
#define OPEN_IN_PREV spaacis_insanity_errmod.message_code(115)
#define OVERLAP_TVERT spaacis_insanity_errmod.message_code(116)
#define OVERLAP_VERT spaacis_insanity_errmod.message_code(117)
#define PARAM_TEST_FAIL spaacis_insanity_errmod.message_code(118)
#define PARTNER_MISMATCH spaacis_insanity_errmod.message_code(119)
#define PCUR_CLOSED_DIFF_INTCUR spaacis_insanity_errmod.message_code(120)
#define PCUR_DIFF_LOC spaacis_insanity_errmod.message_code(121)
#define PCUR_DIFF_PERIOD spaacis_insanity_errmod.message_code(122)
#define PCUR_EVAL_PROB spaacis_insanity_errmod.message_code(123)
#define PCUR_HULL_SELF_INT spaacis_insanity_errmod.message_code(124)
#define PCUR_HULL_SHARP_ANG spaacis_insanity_errmod.message_code(125)
#define PCUR_KNOT_NOT_ON_CRV spaacis_insanity_errmod.message_code(126)
#define PCUR_NO_CUR spaacis_insanity_errmod.message_code(127)
#define PCUR_NOT_CLOSED spaacis_insanity_errmod.message_code(128)
#define PCUR_NOT_OPEN spaacis_insanity_errmod.message_code(129)
#define PCUR_NOT_OPEN_ON_STR spaacis_insanity_errmod.message_code(130)
#define PCUR_NOT_PERIODIC spaacis_insanity_errmod.message_code(131)
#define PCUR_OPEN_DIFF_INTCUR spaacis_insanity_errmod.message_code(132)
#define PCUR_OUT_OF_RANGE spaacis_insanity_errmod.message_code(133)
#define PCUR_PEROID_DIFF_INTCUR spaacis_insanity_errmod.message_code(134)
#define PCUR_SURF_DIFF spaacis_insanity_errmod.message_code(135)
#define PCUR_TOO_SHORT spaacis_insanity_errmod.message_code(136)
#define PCUR_UNKNOWN_FORM spaacis_insanity_errmod.message_code(137)
#define PLN_NORM_NOT_UNITVEC spaacis_insanity_errmod.message_code(138)
#define POINT_PERP_TEST_FAIL spaacis_insanity_errmod.message_code(139)
#define PREV_NOT_TO_START spaacis_insanity_errmod.message_code(140)
#define PROC_CRV_DIFF_APPROX spaacis_insanity_errmod.message_code(141)
#define PROC_SURF_DIFF_APPROX spaacis_insanity_errmod.message_code(142)
#define REV_APPROX_CRV spaacis_insanity_errmod.message_code(143)
#define SHL_NOT_POINT_TO_LUMP spaacis_insanity_errmod.message_code(144)
#define SHL_WITHOUT_FACE spaacis_insanity_errmod.message_code(145)
#define SHL_WITHOUT_LUMP spaacis_insanity_errmod.message_code(146)
#define SPAR_ERR spaacis_insanity_errmod.message_code(147)
#define SPH_ZERO_RAD spaacis_insanity_errmod.message_code(148)
#define SPL_CRV_NO_APPROX spaacis_insanity_errmod.message_code(149)
#define SPLSUR_NO_APPROX spaacis_insanity_errmod.message_code(150)
#define START_INCONS_TOL_GEOM spaacis_insanity_errmod.message_code(151)
#define START_VTX_NOT_ON_SURF spaacis_insanity_errmod.message_code(152)
#define STRT_VTX_NOT_ON_CRV spaacis_insanity_errmod.message_code(153)
#define STR_NOT_UNITVEC spaacis_insanity_errmod.message_code(154)
#define STR_ZERO_PAR_SCALE spaacis_insanity_errmod.message_code(155)
#define SUB_SPL_SUR_FOUND spaacis_insanity_errmod.message_code(156)
#define SURF_BAD_DEGEN spaacis_insanity_errmod.message_code(157)
#define SURF_FAIL_DERIV_TEST spaacis_insanity_errmod.message_code(158)
#define SURF_FAIL_EXT_TEST spaacis_insanity_errmod.message_code(159)
#define SURF_NOT_C1 spaacis_insanity_errmod.message_code(160)
#define SURF_NOT_G0 spaacis_insanity_errmod.message_code(161)
#define SURF_NOT_G1 spaacis_insanity_errmod.message_code(162)
#define SURF_NOT_G2 spaacis_insanity_errmod.message_code(163)
#define SURF_SEFL_INT spaacis_insanity_errmod.message_code(164)
#define SVTX_NOT_ON_CRV spaacis_insanity_errmod.message_code(165)
#define SURF_UNDERCLAMPED_U_KV spaacis_insanity_errmod.message_code(166)
#define SURF_UNDERCLAMPED_V_KV spaacis_insanity_errmod.message_code(167)
#define SURF_OVERCLAMPED_U_KV spaacis_insanity_errmod.message_code(168)
#define SURF_OVERCLAMPED_V_KV spaacis_insanity_errmod.message_code(169)
#define SURF_UNBOUNDED spaacis_insanity_errmod.message_code(170)
#define SURF_UV_PARALLEL spaacis_insanity_errmod.message_code(171)
#define TCOED_BAD_CTL_PNT_COIN spaacis_insanity_errmod.message_code(172)
#define TCOED_BAD_DEGEN spaacis_insanity_errmod.message_code(173)
#define TCOED_BAD_SINGULAR spaacis_insanity_errmod.message_code(174)
#define TCOED_DIFF_RANGE spaacis_insanity_errmod.message_code(175)
#define TCOED_HAS_EDGE spaacis_insanity_errmod.message_code(176)
#define TCOED_IRREG spaacis_insanity_errmod.message_code(177)
#define TCOED_NO_BS3CUR spaacis_insanity_errmod.message_code(178)
#define TCOED_NO_PCUR spaacis_insanity_errmod.message_code(179)
#define TCOED_NOT_C1 spaacis_insanity_errmod.message_code(180)
#define TCOED_NOT_G0 spaacis_insanity_errmod.message_code(181)
#define TCOED_NOT_G1 spaacis_insanity_errmod.message_code(182)
#define TCOED_NOT_G2 spaacis_insanity_errmod.message_code(183)
#define TCOED_OFF_SURF spaacis_insanity_errmod.message_code(184)
#define TCOED_PCUR_NOT_G1 spaacis_insanity_errmod.message_code(185)
#define TCOED_SELF_INT spaacis_insanity_errmod.message_code(186)
#define TCOED_STRAY spaacis_insanity_errmod.message_code(187)
#define TCOED_WRONG_CLOSURE spaacis_insanity_errmod.message_code(188)
#define TEDGE_BOX_NOT_INT_VTX_BOX spaacis_insanity_errmod.message_code(189)
#define TEDGE_HAS_LOCAL_SELF_INT spaacis_insanity_errmod.message_code(190)
#define TEDGE_NULL_PAR_RANGE spaacis_insanity_errmod.message_code(191)
#define TOL_BAD_FACE_BOX spaacis_insanity_errmod.message_code(192)
#define TOL_GEOM_INCOMPATIBLE spaacis_insanity_errmod.message_code(193)
#define TRANS_TEST_FAIL spaacis_insanity_errmod.message_code(194)
#define TRANSF_BAD_DETERMINENT spaacis_insanity_errmod.message_code(195)
#define TRANSF_BAD_REFLECTION spaacis_insanity_errmod.message_code(196)
#define TRANSF_LARGE_TRANSLATION spaacis_insanity_errmod.message_code(197)
#define TRANSF_NOT_IDENTITY spaacis_insanity_errmod.message_code(198)
#define TRANSF_NOT_UNIT_VEC spaacis_insanity_errmod.message_code(199)
#define TRS_BAD_LOOP spaacis_insanity_errmod.message_code(200)
#define TRS_BAD_MAJ_RAD spaacis_insanity_errmod.message_code(201)
#define TRS_NORM_NOT_UNITVEC spaacis_insanity_errmod.message_code(202)
#define TRS_ZERO_MAJ_RAD spaacis_insanity_errmod.message_code(203)
#define TRS_ZERO_MIN_RAD spaacis_insanity_errmod.message_code(204)
#define UNBOUND_CONE_FACE spaacis_insanity_errmod.message_code(205)
#define VTX_NO_EDGE spaacis_insanity_errmod.message_code(206)
#define VTX_NO_PNT spaacis_insanity_errmod.message_code(207)
#define VTX_NOT_SHARED spaacis_insanity_errmod.message_code(208)
#define WIRE_NOT_POINT_TO_SHL spaacis_insanity_errmod.message_code(209)
#define WIRE_WITHOUT_COED spaacis_insanity_errmod.message_code(210)
#define WIRE_WITHOUT_OWNER spaacis_insanity_errmod.message_code(211)
#define WRONG_FACE_BACKPTR spaacis_insanity_errmod.message_code(212)
#define FF_INT_EDGE_INT spaacis_insanity_errmod.message_code(213)
#define FF_INT_LMP_CONT spaacis_insanity_errmod.message_code(214)
#define FF_INT_LMP_INT spaacis_insanity_errmod.message_code(215)
#define FF_INT_FACE_COIN spaacis_insanity_errmod.message_code(216)
#define FF_INT_FACE_INT spaacis_insanity_errmod.message_code(217)
#define FF_INT_FAIL spaacis_insanity_errmod.message_code(218)
#define FF_INT_SHL_CONT spaacis_insanity_errmod.message_code(219)
#define FF_INT_SHL_INT spaacis_insanity_errmod.message_code(220)
#define CT_2D_CELL_NO_CFACE spaacis_insanity_errmod.message_code(221)
#define CT_ATTRIB_NOT_POINT_TO_FACE spaacis_insanity_errmod.message_code(222)
#define CT_CFACE_NOT_POINT_TO_FACE spaacis_insanity_errmod.message_code(223)
#define CT_CFACE_NOT_POINT_TO_OWNER spaacis_insanity_errmod.message_code(224)
#define CT_CSHL_NO_CFACE spaacis_insanity_errmod.message_code(225)
#define CT_CSHL_BAD_CFACE_LIST spaacis_insanity_errmod.message_code(226)
#define CT_DIFF_INWARD_OWNER spaacis_insanity_errmod.message_code(227)
#define CT_DSF_NO_BACK_CFACE spaacis_insanity_errmod.message_code(228)
#define CT_DSF_NO_FRONT_CFACE spaacis_insanity_errmod.message_code(229)
#define CT_NO_ATTRIB spaacis_insanity_errmod.message_code(230)
#define CT_NO_CLOSED_INWARD spaacis_insanity_errmod.message_code(231)
#define CT_NO_CSHL spaacis_insanity_errmod.message_code(232)
#define CT_NO_OWNER spaacis_insanity_errmod.message_code(233)
#define CT_NOT_IN_HIERACHY spaacis_insanity_errmod.message_code(234)
#define CT_NOT_INSIDE_CSHL spaacis_insanity_errmod.message_code(235)
#define CT_NOT_PERI_CSHL spaacis_insanity_errmod.message_code(236)
#define CT_NOT_POINT_TO_CELL spaacis_insanity_errmod.message_code(237)
#define CT_NOT_POINT_TO_LUMP spaacis_insanity_errmod.message_code(238)
#define CT_NOT_VALIDATED spaacis_insanity_errmod.message_code(239)
#define CT_POINT_TO_NO_ATTRIB_FACE spaacis_insanity_errmod.message_code(240)
#define CT_SSF_HAS_FRONT_CFACE spaacis_insanity_errmod.message_code(241)
#define CT_SSF_NO_BACK_CFACE spaacis_insanity_errmod.message_code(242)
#define CT_WRONG_SENSE_OR_ATTRIB spaacis_insanity_errmod.message_code(243)
#define INTERNAL_LAW_IS_BAD spaacis_insanity_errmod.message_code(244)
#define COED_RANGE_NOT_CONT_1 spaacis_insanity_errmod.message_code(245)
#define ATTRIB_CORRUPT_CHAIN spaacis_insanity_errmod.message_code(246)
#define ATTRIB_BAD_OWNER spaacis_insanity_errmod.message_code(247)
#define PARTNER_POINT_TO_ITSELF spaacis_insanity_errmod.message_code(248)
#define SLIVER_FACE_DETECTED spaacis_insanity_errmod.message_code(249)
#define SLIVER_FACE_REMOVED spaacis_insanity_errmod.message_code(250)
#define VERTEX_CHAIN_OPEN spaacis_insanity_errmod.message_code(251)
#define VERTEX_COEDGE_CLOSURE_MISMATCH spaacis_insanity_errmod.message_code(252)
#define NO_CW_VERTEX_CLOSURE spaacis_insanity_errmod.message_code(253)
#define NO_CCW_VERTEX_CLOSURE spaacis_insanity_errmod.message_code(254)
#define COEDGE_CW_START_MISMATCH spaacis_insanity_errmod.message_code(255)
#define COEDGE_CCW_END_MISMATCH spaacis_insanity_errmod.message_code(256)
#define COEDGE_CW_NEXT_INCONSISTENT spaacis_insanity_errmod.message_code(257)
#define COEDGE_CCW_NEXT_INCONSISTENT spaacis_insanity_errmod.message_code(258)
#define CVXTY_PTS_ON_TANGENT_EDGE spaacis_insanity_errmod.message_code(259)
#define CVXTY_ON_EDGE_MARKED_TANGENT_WARN spaacis_insanity_errmod.message_code(260)
#define CVXTY_ON_EDGE_MARKED_TANGENT spaacis_insanity_errmod.message_code(261)
#define INTCRV_INVALID_SUPPORT_SURF spaacis_insanity_errmod.message_code(262)
#define PCUR_CURVE_EVAL_FAILURE spaacis_insanity_errmod.message_code(263)
#define IRREG_SUPPORT_SURF spaacis_insanity_errmod.message_code(264)
#define SUPPORT_SURF_SELF_INT spaacis_insanity_errmod.message_code(265)
#define BAD_SUPPORT_SURF_CLS spaacis_insanity_errmod.message_code(266)
#define NO_BS3_SUPPORT_SURF spaacis_insanity_errmod.message_code(267)
#define BAD_SUPPORT_SURF_CTL_PNT_COIN spaacis_insanity_errmod.message_code(268)
#define SUPPORT_SURF_BAD_DEGEN spaacis_insanity_errmod.message_code(269)
#define SUPPORT_SURF_BAD_SINGULAR spaacis_insanity_errmod.message_code(270)
#define SUPPORT_SURF_NOT_G0 spaacis_insanity_errmod.message_code(271)
#define SUPPORT_SURF_NOT_G1 spaacis_insanity_errmod.message_code(272)
#define SUPPORT_SURF_NOT_G2 spaacis_insanity_errmod.message_code(273)
#define SUPPORT_SURF_NOT_C1 spaacis_insanity_errmod.message_code(274)
#define SURF_BAD_APPROX spaacis_insanity_errmod.message_code(275)
#define CRV_NOT_G1_NEAR_TAN spaacis_insanity_errmod.message_code(276)
#define SUPPORT_SURF_NOT_G1_NEAR_TAN spaacis_insanity_errmod.message_code(277)
#define FACE_AREA_FAILURE spaacis_insanity_errmod.message_code(278)
#define NO_SLIVER_FACE_TEST spaacis_insanity_errmod.message_code(279)
#define BAD_VERTEX_BLEND spaacis_insanity_errmod.message_code(280)
#define UNEXPECTED_PROBLEM spaacis_insanity_errmod.message_code(281)
#define SURF_NOT_G1_NEAR_TAN spaacis_insanity_errmod.message_code(282)
#define CURVE_EVAL_FAILURE spaacis_insanity_errmod.message_code(283)
#define EDGE_OFF_FACE spaacis_insanity_errmod.message_code(284)
#define TEDGE_OFF_FACE spaacis_insanity_errmod.message_code(285)
#define BAD_SUBSET_RANGE spaacis_insanity_errmod.message_code(286)
#define SUBSET_RANGE_MODIFIED spaacis_insanity_errmod.message_code(287)
#define BAD_FACE_DOMAIN spaacis_insanity_errmod.message_code(288)
#define CURVE_MISSING_DISC_INFO spaacis_insanity_errmod.message_code(289)
#define SURF_MISSING_DISC_INFO spaacis_insanity_errmod.message_code(290)
#define CURVE_MISSING_G1_DISC_INFO spaacis_insanity_errmod.message_code(291)
#define SURF_MISSING_G1_DISC_INFO spaacis_insanity_errmod.message_code(292)
#define CURVE_MISSING_G2_DISC_INFO spaacis_insanity_errmod.message_code(293)
#define SURF_MISSING_G2_DISC_INFO spaacis_insanity_errmod.message_code(294)
#define CRV_ZERO_DERIV spaacis_insanity_errmod.message_code(295)
#define SURF_DATA_MISSING spaacis_insanity_errmod.message_code(296)
#define SURF_DATA_CONFLICTING spaacis_insanity_errmod.message_code(297)
#define CRV_DATA_MISSING spaacis_insanity_errmod.message_code(298)
#define CRV_DATA_CONFLICTING spaacis_insanity_errmod.message_code(299)
#define NO_CONT_CHK spaacis_insanity_errmod.message_code(300)
#define LOOP_ORIENT_CHECK_FAIL spaacis_insanity_errmod.message_code(301)
#define BAD_ROLLING_BALL_BLEND spaacis_insanity_errmod.message_code(302)
#define CRV_BAD_FITOL spaacis_insanity_errmod.message_code(303)
#define SURF_BAD_FITOL spaacis_insanity_errmod.message_code(304)
#define CURVE_APPROX_OVERCLAMPED spaacis_insanity_errmod.message_code(305)
#define SHL_DISCONNECTED spaacis_insanity_errmod.message_code(306)
#define SHL_MISSING_ENTITIES spaacis_insanity_errmod.message_code(307)
#define PART_OVERLAP_TVERT spaacis_insanity_errmod.message_code(308)
#define CVXTY_PTS_NOT_ON_MIXED_EDGE spaacis_insanity_errmod.message_code(309)
#define TOO_MANY_ERRORS spaacis_insanity_errmod.message_code(310)
#define ASM_INVALID_ENT_MGR spaacis_insanity_errmod.message_code(311)
#define ASM_ASSEMBLY_NONLINEAR_MREFS spaacis_insanity_errmod.message_code(312)
#define ASM_ASSEMBLY_OUTSEQ_MREFS spaacis_insanity_errmod.message_code(313)
#define ASM_MREF_INVALID_ASM spaacis_insanity_errmod.message_code(314)
#define ASM_MREF_INVALID_MODEL spaacis_insanity_errmod.message_code(315)
#define ASM_MREF_INVALID_TRANSF spaacis_insanity_errmod.message_code(316)
#define ASM_MREF_OUTOFORDER spaacis_insanity_errmod.message_code(317)
#define STALE_TCOEDGE_TOLERANCE spaacis_insanity_errmod.message_code(318)
#define COEDGE_OUTSIDE_SURF_SUBSET spaacis_insanity_errmod.message_code(319)
#define TCOEDGE_OFF_FACE spaacis_insanity_errmod.message_code(320)
#define EDGE_CRV_NOT_G0 spaacis_insanity_errmod.message_code(321)
#define COEDGE_RING_BROKEN spaacis_insanity_errmod.message_code(322)
#define BOXING_FAIL_FP_ERR spaacis_insanity_errmod.message_code(323)
#define SURF_ILLEGAL spaacis_insanity_errmod.message_code(324)
#define TOL_BAD_LOOP_BOX spaacis_insanity_errmod.message_code(325)
#define LOOP_BOX_TOO_SMALL spaacis_insanity_errmod.message_code(326)
#define SHORT_EDGE_DETECTED spaacis_insanity_errmod.message_code(327)
#define NO_SHORT_EDGE_TEST spaacis_insanity_errmod.message_code(328)
#define CUR_EXTREME_CURVATURE spaacis_insanity_errmod.message_code(329)
#define CUR_BAD_PARAMETERIZATION spaacis_insanity_errmod.message_code(330)
#define SUR_EXTREME_CURVATURE spaacis_insanity_errmod.message_code(331)
#define PCURVE_THROUGH_SINGULARITY spaacis_insanity_errmod.message_code(332)
#define PAT_BAD_ATTRIB spaacis_insanity_errmod.message_code(333)
#define BODY_BOX_TOO_SMALL spaacis_insanity_errmod.message_code(334)
#define LUMP_BOX_TOO_SMALL spaacis_insanity_errmod.message_code(335)
#define SHELL_BOX_TOO_SMALL spaacis_insanity_errmod.message_code(336)
#define SUBSHELL_BOX_TOO_SMALL spaacis_insanity_errmod.message_code(337)
#define WIRE_BOX_TOO_SMALL spaacis_insanity_errmod.message_code(338)
#define FACE_BOX_TOO_SMALL2 spaacis_insanity_errmod.message_code(339)
#define LOOP_BOX_TOO_SMALL2 spaacis_insanity_errmod.message_code(340)
#define EDGE_BOX_TOO_SMALL2 spaacis_insanity_errmod.message_code(341)
#define MISSING_BOUNDING_BOX spaacis_insanity_errmod.message_code(342)
#define BAD_WIRE_EDGE_CONNECTION spaacis_insanity_errmod.message_code(343)
#define CLOSED_EDGE_OPEN_CURVE spaacis_insanity_errmod.message_code(344)
#define FACE_NOT_WITHIN_SURFACE_BOUNDS spaacis_insanity_errmod.message_code(345)
#define FACE_SLIGHTLY_OUT_OF_SURFACE_BOUNDS spaacis_insanity_errmod.message_code(346)
#define FACE_NOT_WITHIN_SUBSETTED_SURFACE_BOUNDS spaacis_insanity_errmod.message_code(347)
#define FACE_UV_BOUND_CANNOT_BE_COMPUTED spaacis_insanity_errmod.message_code(348)
#define FACE_UV_BOUND_IS_UNBOUNDED spaacis_insanity_errmod.message_code(349)
#define FACE_LOOPS_SHARE_VERTEX spaacis_insanity_errmod.message_code(350)
#define PART_COIN_EDGES spaacis_insanity_errmod.message_code(351)
#define VERTEX_COEDGE_CONNECTIVITY spaacis_insanity_errmod.message_code(352)
#define VERTEX_COEDGE_CONNECTIVITY_FAIL spaacis_insanity_errmod.message_code(353)
#define BAD_CTL_PNT_SING spaacis_insanity_errmod.message_code(354)
#define VITAL_CHECKS spaacis_insanity_errmod.message_code(355)
#define LEVEL05_CHECK spaacis_insanity_errmod.message_code(356)
#define LEVEL10_CHECK spaacis_insanity_errmod.message_code(357)
#define LEVEL20_CHECK spaacis_insanity_errmod.message_code(358)
#define LEVEL30_CHECK spaacis_insanity_errmod.message_code(359)
#define LEVEL40_CHECK spaacis_insanity_errmod.message_code(360)
#define LEVEL50_CHECK spaacis_insanity_errmod.message_code(361)
#define LEVEL60_CHECK spaacis_insanity_errmod.message_code(362)
#define LEVEL70_CHECK spaacis_insanity_errmod.message_code(363)
#define BODY_CHECK spaacis_insanity_errmod.message_code(364)
#define WIRE_CHECK spaacis_insanity_errmod.message_code(365)
#define LUMP_CHECK spaacis_insanity_errmod.message_code(366)
#define SHELL_CHECK spaacis_insanity_errmod.message_code(367)
#define FACE_CHECK spaacis_insanity_errmod.message_code(368)
#define LOOP_CHECK spaacis_insanity_errmod.message_code(369)
#define COEDGE_CHECK spaacis_insanity_errmod.message_code(370)
#define EDGE_CHECK spaacis_insanity_errmod.message_code(371)
#define VERTEX_CHECK spaacis_insanity_errmod.message_code(372)
#define CURVE_CHECK spaacis_insanity_errmod.message_code(373)
#define PCURVE_CHECK spaacis_insanity_errmod.message_code(374)
#define SURFACE_CHECK spaacis_insanity_errmod.message_code(375)
#define D3_CU_CHECK spaacis_insanity_errmod.message_code(376)
#define ASSEM_CHECK spaacis_insanity_errmod.message_code(377)
#define ATTRIB_CHECK spaacis_insanity_errmod.message_code(378)
#define LAW_CHECK spaacis_insanity_errmod.message_code(379)
#define TRANSFORM_CHECK spaacis_insanity_errmod.message_code(380)
#define SG_BODY_CHECKS spaacis_insanity_errmod.message_code(381)
#define SG_LUMP_CHECKS spaacis_insanity_errmod.message_code(382)
#define SG_SHELL_CHECKS spaacis_insanity_errmod.message_code(383)
#define SG_WIRE_CHECKS spaacis_insanity_errmod.message_code(384)
#define SG_FACE_CHECKS spaacis_insanity_errmod.message_code(385)
#define SG_FACE_AREA_CHECKS spaacis_insanity_errmod.message_code(386)
#define SG_FACE_SENSE_CHECKS spaacis_insanity_errmod.message_code(387)
#define SG_FACE_LOOPS_CHECKS spaacis_insanity_errmod.message_code(388)
#define SG_FACE_PCURVE_CHECKS spaacis_insanity_errmod.message_code(389)
#define SG_FACE_BOX_CHECKS spaacis_insanity_errmod.message_code(390)
#define SG_LOOP_CHECKS spaacis_insanity_errmod.message_code(391)
#define SG_COEDGE_CHECKS spaacis_insanity_errmod.message_code(392)
#define SG_EDGE_CHECKS spaacis_insanity_errmod.message_code(393)
#define SG_EDGE_BOX_CHECKS spaacis_insanity_errmod.message_code(394)
#define SG_EDGE_CURVE_CHECKS spaacis_insanity_errmod.message_code(395)
#define SG_EDGE_FORMS_CHECKS spaacis_insanity_errmod.message_code(396)
#define SG_PCURVE_FORM_CHECKS spaacis_insanity_errmod.message_code(397)
#define SG_SURFACE_CHECKS spaacis_insanity_errmod.message_code(398)
#define SG_SURFACE_FORMS_CHECKS spaacis_insanity_errmod.message_code(399)
#define SG_DEGENERATE_SPLINE_CHECKS spaacis_insanity_errmod.message_code(400)
#define SG_VERTEX_CHECKS spaacis_insanity_errmod.message_code(401)
#define SG_LAW_ENTITY_CHECKS spaacis_insanity_errmod.message_code(402)
#define SG_ASM_MODEL_REF_CHECKS spaacis_insanity_errmod.message_code(403)
#define SG_ASM_ASSEMBLY_CHECKS spaacis_insanity_errmod.message_code(404)
#define SG_GEOM_CHECKS spaacis_insanity_errmod.message_code(405)
#define BREP_HEALTH_CHECKS spaacis_insanity_errmod.message_code(406)
#define CHECK_SELECTION_END spaacis_insanity_errmod.message_code(407)
#define VTX_BAD_NONMANI_REP spaacis_insanity_errmod.message_code(408)
#define NONDEGEN_EDGE_ZERO_LENGTH spaacis_insanity_errmod.message_code(409)
#define EXACT_SPL_SUR_BAD_FITOL spaacis_insanity_errmod.message_code(410)

#endif /* SPAACIS_INSANITY_ERRMOD_INCLUDED */
