// Error code definitions for module "spaacis/src"

#ifndef SPAACIS_MAIN_LAW_ERRMOD_INCLUDED
#define SPAACIS_MAIN_LAW_ERRMOD_INCLUDED

#include "errorbase.hxx"
#include "errmsg.hxx"

#include "importexport.h"
#ifdef __SpaACIS
extern EXPORT_SYMBOL message_module spaacis_main_law_errmod;

#else
extern IMPORT_SYMBOL message_module spaacis_main_law_errmod;

#endif
#define LAW_EVAL spaacis_main_law_errmod.message_code(0)
#define LAW_DERIV spaacis_main_law_errmod.message_code(1)
#define LAW_EVALS spaacis_main_law_errmod.message_code(2)
#define LAW_EVALV spaacis_main_law_errmod.message_code(3)
#define LAW_EVALV_ONE spaacis_main_law_errmod.message_code(4)
#define LAW_EVALVM spaacis_main_law_errmod.message_code(5)
#define LAW_EVALDV spaacis_main_law_errmod.message_code(6)
#define LAW_EVALDV_ONE spaacis_main_law_errmod.message_code(7)
#define LAW_EVALMMAT spaacis_main_law_errmod.message_code(8)
#define LAW_EVALMT spaacis_main_law_errmod.message_code(9)
#define LAW_SYMBOL spaacis_main_law_errmod.message_code(10)
#define LAW_DL_NUM spaacis_main_law_errmod.message_code(11)
#define LAW_TL_NUM spaacis_main_law_errmod.message_code(12)
#define LAW_TL_SYNTAX spaacis_main_law_errmod.message_code(13)
#define LAW_DOT_NUM spaacis_main_law_errmod.message_code(14)
#define LAW_CROSS_NUM spaacis_main_law_errmod.message_code(15)
#define LAW_TWIST_NUM spaacis_main_law_errmod.message_code(16)
#define LAW_BASE_C spaacis_main_law_errmod.message_code(17)
#define LAW_BASE_P spaacis_main_law_errmod.message_code(18)
#define LAW_STEP_NUM spaacis_main_law_errmod.message_code(19)
#define LAW_STEP_ODD spaacis_main_law_errmod.message_code(20)
#define LAW_STEP_ORDER spaacis_main_law_errmod.message_code(21)
#define LAW_MR_NUM spaacis_main_law_errmod.message_code(22)
#define LAW_MR spaacis_main_law_errmod.message_code(23)
#define LAW_DATA_UNKNOWN spaacis_main_law_errmod.message_code(24)
#define LAW_SYNTAX spaacis_main_law_errmod.message_code(25)
#define LAW_TIMES spaacis_main_law_errmod.message_code(26)
#define LAW_DIVISION spaacis_main_law_errmod.message_code(27)
#define LAW_DATA_SAVE spaacis_main_law_errmod.message_code(28)
#define LAW_DATA_CURVE spaacis_main_law_errmod.message_code(29)
#define LAW_DATA_WIRE spaacis_main_law_errmod.message_code(30)
#define LAW_NO_SAVE spaacis_main_law_errmod.message_code(31)
#define LAW_SAVE_APPROX spaacis_main_law_errmod.message_code(32)
#define LAW_BAD_RAIL_LAW spaacis_main_law_errmod.message_code(33)
#define LAW_BAD_DOMAN spaacis_main_law_errmod.message_code(34)
#define LAW_BAD_RANGE spaacis_main_law_errmod.message_code(35)
#define LAW_TEST spaacis_main_law_errmod.message_code(36)
#define LAW_ARCCOS spaacis_main_law_errmod.message_code(37)
#define LAW_ARCSIN spaacis_main_law_errmod.message_code(38)
#define LAW_ARCSEC spaacis_main_law_errmod.message_code(39)
#define LAW_ARCCSC spaacis_main_law_errmod.message_code(40)
#define LAW_LN spaacis_main_law_errmod.message_code(41)
#define LAW_LOG spaacis_main_law_errmod.message_code(42)
#define LAW_SQRT spaacis_main_law_errmod.message_code(43)
#define LAW_TAN spaacis_main_law_errmod.message_code(44)
#define LAW_SEC spaacis_main_law_errmod.message_code(45)
#define LAW_COT spaacis_main_law_errmod.message_code(46)
#define LAW_CSC spaacis_main_law_errmod.message_code(47)
#define LAW_COTH spaacis_main_law_errmod.message_code(48)
#define LAW_CSCH spaacis_main_law_errmod.message_code(49)
#define LAW_ARCCOSH spaacis_main_law_errmod.message_code(50)
#define LAW_ARCTANH spaacis_main_law_errmod.message_code(51)
#define LAW_ARCSECH spaacis_main_law_errmod.message_code(52)
#define LAW_ARCCOTH spaacis_main_law_errmod.message_code(53)
#define LAW_ARCCSCH spaacis_main_law_errmod.message_code(54)
#define LAW_BAD_BOUNDS spaacis_main_law_errmod.message_code(55)
#define LAWS_WARP_INCONSISTENT spaacis_main_law_errmod.message_code(56)
#define LAW_LHOSPITAL spaacis_main_law_errmod.message_code(57)
#define LAW_VARIABLE_RETURN spaacis_main_law_errmod.message_code(58)
#define LAW_DATA_PCURVE spaacis_main_law_errmod.message_code(59)
#define LAW_BAD_UNIT_VECTOR spaacis_main_law_errmod.message_code(60)
#define LAW_EXPONENT spaacis_main_law_errmod.message_code(61)
#define GRAPH_BAD_EDGE spaacis_main_law_errmod.message_code(62)
#define GRAPH_MISS_VERTEX spaacis_main_law_errmod.message_code(63)
#define GRAPH_MISS_EDGE spaacis_main_law_errmod.message_code(64)
#define LAW_DIM spaacis_main_law_errmod.message_code(65)
#define LAW_BEND_PARALLEL spaacis_main_law_errmod.message_code(66)
#define LAW_DEEP_COPY spaacis_main_law_errmod.message_code(67)
#define LAW_MULTI_CURVE_DOM spaacis_main_law_errmod.message_code(68)
#define LAW_NO_INTR spaacis_main_law_errmod.message_code(69)
#define COULD_NOT_FILLET spaacis_main_law_errmod.message_code(70)
#define LAW_NO_BSPLINE spaacis_main_law_errmod.message_code(71)
#define BAD_SPIRAL_START spaacis_main_law_errmod.message_code(72)
#define SWEEP_SELF_INT spaacis_main_law_errmod.message_code(73)
#define SW_SURFACE_EVAL spaacis_main_law_errmod.message_code(74)
#define NO_SW_EVAL_CURVATURE spaacis_main_law_errmod.message_code(75)
#define NO_SW_LENGTH_PARAM spaacis_main_law_errmod.message_code(76)
#define NO_SW_LENGTH spaacis_main_law_errmod.message_code(77)
#define NO_SW_POINT_PERP spaacis_main_law_errmod.message_code(78)
#define SW_CURVE_EVAL_DERIV spaacis_main_law_errmod.message_code(79)
#define BAD_SINGULARITIES spaacis_main_law_errmod.message_code(80)
#define BS_ACCURACY spaacis_main_law_errmod.message_code(81)
#define SW_BAD_ORDER spaacis_main_law_errmod.message_code(82)
#define SW_BAD_WEIGHTS spaacis_main_law_errmod.message_code(83)
#define BAD_LAW_USE_COUNT spaacis_main_law_errmod.message_code(84)
#define BAD_LAW_DATA_USE_COUNT spaacis_main_law_errmod.message_code(85)
#define BAD_GVERTEX_COUNT spaacis_main_law_errmod.message_code(86)
#define BAD_GEDGE_COUNT spaacis_main_law_errmod.message_code(87)
#define BAD_GRAPH_COUNT spaacis_main_law_errmod.message_code(88)
#define LAW_SCALE_NUM spaacis_main_law_errmod.message_code(89)
#define LAW_POS_NUM spaacis_main_law_errmod.message_code(90)
#define LAW_VEC_NUM spaacis_main_law_errmod.message_code(91)
#define LAW_NORM spaacis_main_law_errmod.message_code(92)
#define LAW_MAKE_APPROX_FAILED spaacis_main_law_errmod.message_code(93)
#define LAW_EVALUATE_FAILED spaacis_main_law_errmod.message_code(94)
#define CHAMFER_WIRE_VERTEX_SUPPORT spaacis_main_law_errmod.message_code(95)
#define LAW_CREATE_FAILED spaacis_main_law_errmod.message_code(96)

#endif /* SPAACIS_MAIN_LAW_ERRMOD_INCLUDED */
