// Error code definitions for module "spaacis/src"

#ifndef SPAACIS_BOOLEAN_ERRMOD_INCLUDED
#define SPAACIS_BOOLEAN_ERRMOD_INCLUDED

#include "errorbase.hxx"
#include "errmsg.hxx"

#include "importexport.h"
#ifdef __SpaACIS
extern EXPORT_SYMBOL message_module spaacis_boolean_errmod;

#else
extern IMPORT_SYMBOL message_module spaacis_boolean_errmod;

#endif
#define ADDTANG_PROBLEM spaacis_boolean_errmod.message_code(0)
#define BAD_ATTRIB_TRANSFER spaacis_boolean_errmod.message_code(1)
#define BAD_BOUNDARY_COEDGE spaacis_boolean_errmod.message_code(2)
#define BAD_COEDGE_CONNECTIVITY spaacis_boolean_errmod.message_code(3)
#define BAD_COEDGE_RING spaacis_boolean_errmod.message_code(4)
#define BAD_CONTAINMENT spaacis_boolean_errmod.message_code(5)
#define BAD_DISPOSAL spaacis_boolean_errmod.message_code(6)
#define BAD_FACE_IN_BODY_EDGE_CRUMBLE spaacis_boolean_errmod.message_code(7)
#define BAD_FACE_OWNERSHIP spaacis_boolean_errmod.message_code(8)
#define BAD_INT_EDGE spaacis_boolean_errmod.message_code(9)
#define BAD_INT_VERTEX spaacis_boolean_errmod.message_code(10)
#define BAD_ISO_VERT_REL spaacis_boolean_errmod.message_code(11)
#define BAD_LOOP_OWNERSHIP spaacis_boolean_errmod.message_code(12)
#define BAD_RELINK_ENTITY spaacis_boolean_errmod.message_code(13)
#define BODY_NO_SHELLS spaacis_boolean_errmod.message_code(14)
#define BAD_NM_EDGE_CREATED spaacis_boolean_errmod.message_code(15)
#define COINCIDENT_WIRE spaacis_boolean_errmod.message_code(16)
#define COIN_PLANAR_FACES spaacis_boolean_errmod.message_code(17)
#define DIFF_GEOM_COND spaacis_boolean_errmod.message_code(18)
#define EDGECOIN_PROBLEM spaacis_boolean_errmod.message_code(19)
#define EDGE_EDGE_BAD_MATCH spaacis_boolean_errmod.message_code(20)
#define EDGE_FACE_BAD_MATCH spaacis_boolean_errmod.message_code(21)
#define EDGE_FACE_COIN spaacis_boolean_errmod.message_code(22)
#define FACE_FACE_BAD_MATCH spaacis_boolean_errmod.message_code(23)
#define FACE_BOUNDARY spaacis_boolean_errmod.message_code(24)
#define FACE_NO_GEOMETRY spaacis_boolean_errmod.message_code(25)
#define FATALLY_BAD_TOPOLOGY spaacis_boolean_errmod.message_code(26)
#define FREE_COIN_BAD spaacis_boolean_errmod.message_code(27)
#define IMPRINT_PROBLEM spaacis_boolean_errmod.message_code(28)
#define INCOMPLETE_WIRE spaacis_boolean_errmod.message_code(29)
#define INCONSISTENT_LOOPS spaacis_boolean_errmod.message_code(30)
#define INCONS_ATTRIB spaacis_boolean_errmod.message_code(31)
#define INCONS_BOX spaacis_boolean_errmod.message_code(32)
#define INCONS_COIN spaacis_boolean_errmod.message_code(33)
#define INCONS_FACE spaacis_boolean_errmod.message_code(34)
#define INCONS_GRAPH_VERTEX spaacis_boolean_errmod.message_code(35)
#define INCONS_REL spaacis_boolean_errmod.message_code(36)
#define INCONS_REL_BAD_DEL spaacis_boolean_errmod.message_code(37)
#define INCONS_SIDES spaacis_boolean_errmod.message_code(38)
#define INCONS_VERT_ATT spaacis_boolean_errmod.message_code(39)
#define INCONS_VERT_INT spaacis_boolean_errmod.message_code(40)
#define INTERNAL_INCONS spaacis_boolean_errmod.message_code(41)
#define KNOWN_REL spaacis_boolean_errmod.message_code(42)
#define LOST_ON_EDGE spaacis_boolean_errmod.message_code(43)
#define LOST_ON_LOOP spaacis_boolean_errmod.message_code(44)
#define MATCH_INFO_ILLEGAL spaacis_boolean_errmod.message_code(45)
#define MATCH_INFO_IGNORED spaacis_boolean_errmod.message_code(46)
#define MISSING_SPAN_INFO spaacis_boolean_errmod.message_code(47)
#define NO_ATTRIB_INTCOED spaacis_boolean_errmod.message_code(48)
#define NO_EF_INTS spaacis_boolean_errmod.message_code(49)
#define NO_END_BOUND spaacis_boolean_errmod.message_code(50)
#define NO_FACE_NORMAL spaacis_boolean_errmod.message_code(51)
#define NO_INTERSECTION_EDGES spaacis_boolean_errmod.message_code(52)
#define NO_PCURVE_ON_COEDGE spaacis_boolean_errmod.message_code(53)
#define NO_START_BOUND spaacis_boolean_errmod.message_code(54)
#define NON_MANIFOLD_EDGE spaacis_boolean_errmod.message_code(55)
#define NULL_DATUM_COEDGE spaacis_boolean_errmod.message_code(56)
#define NULL_PARTNER_LOOP spaacis_boolean_errmod.message_code(57)
#define NULL_TEST_LOOP spaacis_boolean_errmod.message_code(58)
#define NULL_EDGE_VERTEX spaacis_boolean_errmod.message_code(59)
#define OSCULATING_CURVES spaacis_boolean_errmod.message_code(60)
#define OUTSIDE_RANGE spaacis_boolean_errmod.message_code(61)
#define REBOOLEAN_USED spaacis_boolean_errmod.message_code(62)
#define SAME_BLANK_AND_TOOL spaacis_boolean_errmod.message_code(63)
#define SELF_INTERSECTING_CURVE spaacis_boolean_errmod.message_code(64)
#define CUR_PROJECTS_ONTO_ITSELF spaacis_boolean_errmod.message_code(65)
#define SHORT_GRAPH_EDGE spaacis_boolean_errmod.message_code(66)
#define SINGLE_COEDGE spaacis_boolean_errmod.message_code(67)
#define SLICE_PROBLEM spaacis_boolean_errmod.message_code(68)
#define SLIVER_FACE_NOT_REMOVED spaacis_boolean_errmod.message_code(69)
#define SPARE_SHELLS spaacis_boolean_errmod.message_code(70)
#define SPLIT_AT_END spaacis_boolean_errmod.message_code(71)
#define SPLIT_ATTR_ERROR spaacis_boolean_errmod.message_code(72)
#define UNKNOWN_FACE_CONT spaacis_boolean_errmod.message_code(73)
#define VERTEX_IN_BODY_EDGE_CRUMBLE spaacis_boolean_errmod.message_code(74)
#define WIRE_EDGE_MATCH_UNSUPPORTED spaacis_boolean_errmod.message_code(75)
#define WIRE_GRAZE spaacis_boolean_errmod.message_code(76)
#define WIRE_NOT_IN_FACE spaacis_boolean_errmod.message_code(77)
#define WIRE_NOT_SUPPORTED spaacis_boolean_errmod.message_code(78)
#define NO_INPUT_POINTS spaacis_boolean_errmod.message_code(79)
#define SI_BEHAVIOR_NOT_SUPPORTED spaacis_boolean_errmod.message_code(80)
#define CMPLX_SHORT_EDGE spaacis_boolean_errmod.message_code(81)
#define CMPLX_SLIVER_FACE spaacis_boolean_errmod.message_code(82)
#define CMPLX_HUGE_ENTITY_TOL spaacis_boolean_errmod.message_code(83)
#define CMPLX_NEAR_COI_INTERACTION spaacis_boolean_errmod.message_code(84)
#define CMPLX_IMPROPER_INTR_IN_BODY spaacis_boolean_errmod.message_code(85)
#define CMPLX_BAD_EDGE_EDGE_REL spaacis_boolean_errmod.message_code(86)
#define CMPLX_LARGE_COI_FUZZ spaacis_boolean_errmod.message_code(87)
#define CMPLX_OPEN_SOLID spaacis_boolean_errmod.message_code(88)
#define CMPLX_TANGENCY_BLEND spaacis_boolean_errmod.message_code(89)
#define CMPLX_UNKNOWN spaacis_boolean_errmod.message_code(90)
#define CMPLX_OP_BAD_FP_REL spaacis_boolean_errmod.message_code(91)
#define CMPLX_UNABLE_TO_SPLIT_FACE spaacis_boolean_errmod.message_code(92)
#define MANY_VERTEX_TO_ONE spaacis_boolean_errmod.message_code(93)
#define INCONS_EDGE_FACE_REL spaacis_boolean_errmod.message_code(94)
#define N_BODY_UNITE_FAILED spaacis_boolean_errmod.message_code(95)
#define INVALID_SPLIT_PARAM spaacis_boolean_errmod.message_code(96)

#endif /* SPAACIS_BOOLEAN_ERRMOD_INCLUDED */
