// Error code definitions for module "spaacis/src"

#ifndef SPAACIS_INTSFSF_ERRMOD_INCLUDED
#define SPAACIS_INTSFSF_ERRMOD_INCLUDED

#include "errorbase.hxx"
#include "errmsg.hxx"

#include "importexport.h"
#ifdef __SpaACIS
extern EXPORT_SYMBOL message_module spaacis_intsfsf_errmod;

#else
extern IMPORT_SYMBOL message_module spaacis_intsfsf_errmod;

#endif
#define BAD_ORDER spaacis_intsfsf_errmod.message_code(0)
#define BAD_TAN_DIR spaacis_intsfsf_errmod.message_code(1)
#define CROSS_NOT_TAN spaacis_intsfsf_errmod.message_code(2)
#define INCONS_INT_PTS spaacis_intsfsf_errmod.message_code(3)
#define INCONS_AUX_INTS spaacis_intsfsf_errmod.message_code(4)
#define NO_GEN_INT spaacis_intsfsf_errmod.message_code(5)
#define NO_INT_POINT spaacis_intsfsf_errmod.message_code(6)
#define NO_SHOULDER spaacis_intsfsf_errmod.message_code(7)
#define PARTIAL_COINCIDENCE spaacis_intsfsf_errmod.message_code(8)
#define TOO_MANY_INTS spaacis_intsfsf_errmod.message_code(9)
#define MISSING_NEIGHBOR_ELEMENT spaacis_intsfsf_errmod.message_code(10)
#define MESH_HUSK_NOT_LINKED spaacis_intsfsf_errmod.message_code(11)
#define SEGMENT_REVISITED spaacis_intsfsf_errmod.message_code(12)
#define DIFFICULT_CONFIGURATION spaacis_intsfsf_errmod.message_code(13)
#define TRIVIAL_CURVE spaacis_intsfsf_errmod.message_code(14)
#define TOO_MANY_TERMINATORS spaacis_intsfsf_errmod.message_code(15)

#endif /* SPAACIS_INTSFSF_ERRMOD_INCLUDED */
