// Error code definitions for module "spaacis/src"

#ifndef SPAACIS_SGAPI_ERRMOD_INCLUDED
#define SPAACIS_SGAPI_ERRMOD_INCLUDED

#include "errorbase.hxx"
#include "errmsg.hxx"

#include "importexport.h"
#ifdef __SpaACIS
extern EXPORT_SYMBOL message_module spaacis_sgapi_errmod;

#else
extern IMPORT_SYMBOL message_module spaacis_sgapi_errmod;

#endif
#define FACE_SELF_INTER spaacis_sgapi_errmod.message_code(0)
#define FACE_IRREGULAR spaacis_sgapi_errmod.message_code(1)
#define SURF_BAD_CLOSURE spaacis_sgapi_errmod.message_code(2)
#define BS3_SURF_NULL spaacis_sgapi_errmod.message_code(3)
#define BS3_COI_VERTS spaacis_sgapi_errmod.message_code(4)
#define BAD_DEGENERACIES spaacis_sgapi_errmod.message_code(5)
#define UNTREAT_SING spaacis_sgapi_errmod.message_code(6)
#define SURF_NON_G0 spaacis_sgapi_errmod.message_code(7)
#define SURF_NON_G1 spaacis_sgapi_errmod.message_code(8)
#define SURF_NON_G2 spaacis_sgapi_errmod.message_code(9)
#define SURF_NON_C1 spaacis_sgapi_errmod.message_code(10)
#define NON_UNIQUE_CTRLPTS spaacis_sgapi_errmod.message_code(11)
#define NON_UNIQUE_FITPTS spaacis_sgapi_errmod.message_code(12)
#define BS3_CURVE_NULL spaacis_sgapi_errmod.message_code(13)
#define CURVE_SELF_INTER spaacis_sgapi_errmod.message_code(14)
#define CURVE_IRREGULAR spaacis_sgapi_errmod.message_code(15)
#define CURVE_BAD_CLOSURE spaacis_sgapi_errmod.message_code(16)
#define CURVE_NON_G0 spaacis_sgapi_errmod.message_code(17)
#define CURVE_NON_G1 spaacis_sgapi_errmod.message_code(18)
#define CURVE_NON_G2 spaacis_sgapi_errmod.message_code(19)
#define CURVE_NON_C1 spaacis_sgapi_errmod.message_code(20)
#define DEGENERATE_EDGE spaacis_sgapi_errmod.message_code(21)
#define DEGENERATE_FACE spaacis_sgapi_errmod.message_code(22)
#define INVALID_SINGULARITIES spaacis_sgapi_errmod.message_code(23)
#define TEDGE_REPAIR_FAILED spaacis_sgapi_errmod.message_code(24)
#define CANNOT_APPROX_COEDGE spaacis_sgapi_errmod.message_code(25)
#define MINIMUM_LEN_CRITERIA_FAILED spaacis_sgapi_errmod.message_code(26)
#define ANGLE_TOL_CRITERIA_FAILED spaacis_sgapi_errmod.message_code(27)
#define MIN_ARC_ANGLE_CRITERIA_FAILED spaacis_sgapi_errmod.message_code(28)

#endif /* SPAACIS_SGAPI_ERRMOD_INCLUDED */
