// Error code definitions for module "spaacis/src"

#ifndef SPAACIS_SKIN_ERRMOD_INCLUDED
#define SPAACIS_SKIN_ERRMOD_INCLUDED

#include "errorbase.hxx"
#include "errmsg.hxx"

#include "importexport.h"
#ifdef __SpaACIS
extern EXPORT_SYMBOL message_module spaacis_skin_errmod;

#else
extern IMPORT_SYMBOL message_module spaacis_skin_errmod;

#endif
#define SKIN_BAD_UV_VALUE spaacis_skin_errmod.message_code(0)
#define SKIN_G1_DISCONT_LOFT spaacis_skin_errmod.message_code(1)
#define SKIN_BAD_LOFT_DIR spaacis_skin_errmod.message_code(2)
#define SKIN_BAD_UV_SKIN_DIR spaacis_skin_errmod.message_code(3)
#define SKIN_PATH_PROFILE_NO_INT spaacis_skin_errmod.message_code(4)
#define SKIN_PATH_PROFILE_NO_PERP spaacis_skin_errmod.message_code(5)
#define SKIN_PATH_INT_CROSS spaacis_skin_errmod.message_code(6)
#define SKIN_MULTI_LOOP_FACE spaacis_skin_errmod.message_code(7)
#define SKIN_NO_LOOP_FACE spaacis_skin_errmod.message_code(8)
#define SKIN_FACE_HAS_SEAM spaacis_skin_errmod.message_code(9)
#define SKIN_NO_PATH spaacis_skin_errmod.message_code(10)
#define SKIN_DIFF_PATH_TANGENT spaacis_skin_errmod.message_code(11)
#define SKIN_LOFT_LAW_NO_BOUNDS spaacis_skin_errmod.message_code(12)
#define SKIN_LOFT_LAW_NON_FINITE_BOUNDS spaacis_skin_errmod.message_code(13)
#define SKIN_LOFT_LAW_NOT_SINGLE spaacis_skin_errmod.message_code(14)
#define SKIN_LOFT_LAW_NOT_3D spaacis_skin_errmod.message_code(15)
#define SKIN_LOFT_RAD_CUR_LESS_RESFIT spaacis_skin_errmod.message_code(16)
#define SKIN_SOLID_NOT_MADE spaacis_skin_errmod.message_code(17)
#define SKIN_OPEN_PROFILE_NOT_SUPPORTED spaacis_skin_errmod.message_code(18)
#define SKIN_COEDGES_NOT_IN_ORDER spaacis_skin_errmod.message_code(19)
#define SKIN_TOO_FEW_COEDGE_LISTS spaacis_skin_errmod.message_code(20)
#define SKIN_COINCIDENT_COEDGES spaacis_skin_errmod.message_code(21)
#define SKIN_NOT_ORIENTED spaacis_skin_errmod.message_code(22)
#define SKIN_IDENTICAL_POSITIONS spaacis_skin_errmod.message_code(23)
#define SKIN_WIRES_NOT_ALIGNED spaacis_skin_errmod.message_code(24)
#define SKIN_NOT_STITCHABLE_LOFT spaacis_skin_errmod.message_code(25)
#define SKIN_BAD_MAPPING_CURVE spaacis_skin_errmod.message_code(26)
#define SKIN_BAD_GUIDE_CURVE spaacis_skin_errmod.message_code(27)
#define SKIN_ZERO_TANGENT_FACTOR spaacis_skin_errmod.message_code(28)
#define SKIN_GUIDE_NOT_INTERSECT spaacis_skin_errmod.message_code(29)
#define SKIN_GUIDE_CURVE_CROSSES spaacis_skin_errmod.message_code(30)
#define SKIN_MAPPING_CURVE_INTERSECTION spaacis_skin_errmod.message_code(31)
#define SKIN_MAPPING_CURVE_OFF_PROFILES spaacis_skin_errmod.message_code(32)
#define SKIN_MAPPING_CURVES_ON_NONCLOSED_PROFILES spaacis_skin_errmod.message_code(33)
#define SKIN_VIRTUAL_OPT_BUT_NO_GUIDE spaacis_skin_errmod.message_code(34)
#define SKIN_CANNOT_GET_MAPPING_CURVE spaacis_skin_errmod.message_code(35)
#define SKIN_ALIGN_NONPLANAR spaacis_skin_errmod.message_code(36)
#define SKIN_BAD_WIRE_NORMAL spaacis_skin_errmod.message_code(37)
#define SKIN_NO_NORMAL spaacis_skin_errmod.message_code(38)
#define SKIN_RULED_SURFACE_NOT_MADE spaacis_skin_errmod.message_code(39)
#define SKIN_BAD_WIRES spaacis_skin_errmod.message_code(40)
#define SKIN_BAD_BOOLEAN_BRANCH spaacis_skin_errmod.message_code(41)
#define SKIN_BAD_BOOLEAN_TRUNK spaacis_skin_errmod.message_code(42)
#define SKIN_BAD_BREAKUP spaacis_skin_errmod.message_code(43)
#define SKIN_POINTS_NOT_ALLOWED spaacis_skin_errmod.message_code(44)
#define SKIN_CLOSED_GUIDE_NOT_ALLOWED spaacis_skin_errmod.message_code(45)
#define SKIN_CORRUPT_GUIDE_CURVE spaacis_skin_errmod.message_code(46)
#define SKIN_GUIDE_NOT_START_STOP spaacis_skin_errmod.message_code(47)
#define SKIN_NO_SIMPLIFY_ON_DRAFT spaacis_skin_errmod.message_code(48)
#define SKIN_WRONG_ARC_OPTION spaacis_skin_errmod.message_code(49)
#define SKIN_WRONG_NTW_OPTION spaacis_skin_errmod.message_code(50)
#define SKIN_WRONG_ALI_OPTION spaacis_skin_errmod.message_code(51)
#define SKIN_WRONG_PERP_OPTION spaacis_skin_errmod.message_code(52)
#define SKIN_WRONG_SIM_OPTION spaacis_skin_errmod.message_code(53)
#define SKIN_WRONG_CLO_OPTION spaacis_skin_errmod.message_code(54)
#define SKIN_WRONG_SOL_OPTION spaacis_skin_errmod.message_code(55)
#define SKIN_WRONG_PDC_OPTION spaacis_skin_errmod.message_code(56)
#define SKIN_WRONG_VGS_OPTION spaacis_skin_errmod.message_code(57)
#define SKIN_WRONG_MERGE_OPTION spaacis_skin_errmod.message_code(58)
#define SKIN_WRONG_TANFACS_OPTION spaacis_skin_errmod.message_code(59)
#define SKIN_WRONG_BREAKUP_OPTION spaacis_skin_errmod.message_code(60)
#define SKIN_WRONG_NO_TWIST_VERTS_OPTION spaacis_skin_errmod.message_code(61)
#define SKIN_VERTEX_NOT_FOUND spaacis_skin_errmod.message_code(62)
#define SKIN_BAD_FACE_LOFT spaacis_skin_errmod.message_code(63)
#define SKIN_BREAKUP_FORCED spaacis_skin_errmod.message_code(64)
#define SKIN_REDUNDANT_TWIST_VERTEX spaacis_skin_errmod.message_code(65)
#define SKIN_ALL_FACES_BAD spaacis_skin_errmod.message_code(66)
#define SKIN_BAD_VECTORS_AND_MAGNITUDES spaacis_skin_errmod.message_code(67)
#define SKIN_GUIDE_TRIMMED spaacis_skin_errmod.message_code(68)
#define SKIN_LARGE_TOLERANCE spaacis_skin_errmod.message_code(69)
#define SKIN_PROFILE_INTERSECTION spaacis_skin_errmod.message_code(70)
#define SKIN_SELF_INTERSECTION spaacis_skin_errmod.message_code(71)
#define SKIN_WRONG_UV_OPTION spaacis_skin_errmod.message_code(72)
#define SKIN_WRONG_ALU_OPTION spaacis_skin_errmod.message_code(73)
#define SKIN_WRONG_PPS_OPTION spaacis_skin_errmod.message_code(74)
#define SKIN_GUIDE_NOT_G1 spaacis_skin_errmod.message_code(75)
#define SKIN_GAP_FAILED spaacis_skin_errmod.message_code(76)
#define SKIN_GAP_TYPE_CHANGED spaacis_skin_errmod.message_code(77)
#define SKIN_BAD_WIRE_FORM_ONE spaacis_skin_errmod.message_code(78)
#define SKIN_TOO_FEW_PROFILES spaacis_skin_errmod.message_code(79)
#define SKIN_SMOOTH_GEOMETRY_CHANGE spaacis_skin_errmod.message_code(80)
#define SKIN_STITCH_TO_SECTION_FAILED spaacis_skin_errmod.message_code(81)
#define SKIN_TWIST_OPTION_NOT_SUPPORTED spaacis_skin_errmod.message_code(82)

#endif /* SPAACIS_SKIN_ERRMOD_INCLUDED */
