// Error code definitions for module "spaacis/src"

#ifndef SPAACIS_VRBLN_ERRMOD_INCLUDED
#define SPAACIS_VRBLN_ERRMOD_INCLUDED

#include "errorbase.hxx"
#include "errmsg.hxx"

#include "importexport.h"
#ifdef __SpaACIS
extern EXPORT_SYMBOL message_module spaacis_vrbln_errmod;

#else
extern IMPORT_SYMBOL message_module spaacis_vrbln_errmod;

#endif
#define UNRECOGNIZED_RADIUS_FORM spaacis_vrbln_errmod.message_code(0)
#define BL_RADIUS_CALIBRATION spaacis_vrbln_errmod.message_code(1)
#define BL_MARCH_FAILED spaacis_vrbln_errmod.message_code(2)
#define BL_GEOM_CONSTRUCTION_FAILED spaacis_vrbln_errmod.message_code(3)
#define BL_NO_DEF_CURVE spaacis_vrbln_errmod.message_code(4)
#define BL_NO_BLEND_EDGE spaacis_vrbln_errmod.message_code(5)
#define BL_EMPTY_MARCH_INT spaacis_vrbln_errmod.message_code(6)
#define BL_BAD_SLICES spaacis_vrbln_errmod.message_code(7)
#define BAD_VAR_BLEND spaacis_vrbln_errmod.message_code(8)
#define BAD_SAVE_FORMAT spaacis_vrbln_errmod.message_code(9)
#define BL_NEG_RADIUS spaacis_vrbln_errmod.message_code(10)
#define VRB_SAVE_APPROX spaacis_vrbln_errmod.message_code(11)
#define BL_ILLEGAL_VBL_SUR spaacis_vrbln_errmod.message_code(12)
#define BL_BAD_CURVATURE_CURVE spaacis_vrbln_errmod.message_code(13)
#define BL_DISCONT_CURVATURE_CURVE spaacis_vrbln_errmod.message_code(14)
#define BL_NEG_XSECT_WEIGHT spaacis_vrbln_errmod.message_code(15)

#endif /* SPAACIS_VRBLN_ERRMOD_INCLUDED */
